#-----------------------------------------------------------
# Vivado v2020.2 (64-bit)
# SW Build 3064766 on Wed Nov 18 09:12:45 MST 2020
# IP Build 3064653 on Wed Nov 18 14:17:31 MST 2020
# Start of session at: Mon Apr 25 08:57:33 2022
# Process ID: 11860
# Current directory: C:/Users/txzing/Desktop/modbus_rtu_slave_rtl/vivado/vivado_proj
# Command line: vivado.exe -gui_launcher_event rodinguilauncherevent15564 C:\Users\txzing\Desktop\modbus_rtu_slave_rtl\vivado\vivado_proj\vivado_proj.xpr
# Log file: C:/Users/txzing/Desktop/modbus_rtu_slave_rtl/vivado/vivado_proj/vivado.log
# Journal file: C:/Users/txzing/Desktop/modbus_rtu_slave_rtl/vivado/vivado_proj\vivado.jou
#-----------------------------------------------------------
start_gui
open_project C:/Users/txzing/Desktop/modbus_rtu_slave_rtl/vivado/vivado_proj/vivado_proj.xpr
WARNING: [filemgmt 56-3] Default IP Output Path : Could not find the directory 'C:/Users/txzing/Desktop/modbus_rtu_slave_rtl/vivado/vivado_proj/vivado_proj.gen/sources_1'.
Scanning sources...
Finished scanning sources
INFO: [IP_Flow 19-234] Refreshing IP repositories
INFO: [IP_Flow 19-1700] Loaded user IP repository 'c:/Users/txzing/Desktop/modbus_rtu_slave_rtl/vivado/ip_repo'.
INFO: [IP_Flow 19-2313] Loaded Vivado IP repository 'D:/Vivado/Vivado/2020.2/data/ip'.
open_project: Time (s): cpu = 00:00:11 ; elapsed = 00:00:24 . Memory (MB): peak = 1139.719 ; gain = 0.000
update_compile_order -fileset sources_1
reset_run synth_1
launch_runs impl_1 -to_step write_bitstream -jobs 8
[Mon Apr 25 09:01:38 2022] Launched synth_1...
Run output will be captured here: C:/Users/txzing/Desktop/modbus_rtu_slave_rtl/vivado/vivado_proj/vivado_proj.runs/synth_1/runme.log
[Mon Apr 25 09:01:38 2022] Launched impl_1...
Run output will be captured here: C:/Users/txzing/Desktop/modbus_rtu_slave_rtl/vivado/vivado_proj/vivado_proj.runs/impl_1/runme.log
reset_run impl_1 -prev_step 
launch_runs impl_1 -to_step write_bitstream -jobs 8
[Mon Apr 25 09:07:24 2022] Launched impl_1...
Run output will be captured here: C:/Users/txzing/Desktop/modbus_rtu_slave_rtl/vivado/vivado_proj/vivado_proj.runs/impl_1/runme.log
exit
INFO: [Common 17-206] Exiting Vivado at Mon Apr 25 09:17:51 2022...
