#-----------------------------------------------------------
# Vivado v2020.2 (64-bit)
# SW Build 3064766 on Wed Nov 18 09:12:45 MST 2020
# IP Build 3064653 on Wed Nov 18 14:17:31 MST 2020
# Start of session at: Mon Apr 25 09:26:18 2022
# Process ID: 19040
# Current directory: C:/Users/txzing/Desktop/modbus_rtu_slave_rtl/vivado/vivado_proj
# Command line: vivado.exe -gui_launcher_event rodinguilauncherevent13620 C:\Users\txzing\Desktop\modbus_rtu_slave_rtl\vivado\vivado_proj\vivado_proj.xpr
# Log file: C:/Users/txzing/Desktop/modbus_rtu_slave_rtl/vivado/vivado_proj/vivado.log
# Journal file: C:/Users/txzing/Desktop/modbus_rtu_slave_rtl/vivado/vivado_proj\vivado.jou
#-----------------------------------------------------------
start_gui
open_project C:/Users/txzing/Desktop/modbus_rtu_slave_rtl/vivado/vivado_proj/vivado_proj.xpr
WARNING: [filemgmt 56-3] Default IP Output Path : Could not find the directory 'C:/Users/txzing/Desktop/modbus_rtu_slave_rtl/vivado/vivado_proj/vivado_proj.gen/sources_1'.
Scanning sources...
Finished scanning sources
INFO: [IP_Flow 19-234] Refreshing IP repositories
INFO: [IP_Flow 19-1700] Loaded user IP repository 'c:/Users/txzing/Desktop/modbus_rtu_slave_rtl/vivado/ip_repo'.
INFO: [IP_Flow 19-2313] Loaded Vivado IP repository 'D:/Vivado/Vivado/2020.2/data/ip'.
update_compile_order -fileset sources_1
reset_run synth_1
launch_runs impl_1 -to_step write_bitstream -jobs 8
[Mon Apr 25 09:27:18 2022] Launched synth_1...
Run output will be captured here: C:/Users/txzing/Desktop/modbus_rtu_slave_rtl/vivado/vivado_proj/vivado_proj.runs/synth_1/runme.log
[Mon Apr 25 09:27:18 2022] Launched impl_1...
Run output will be captured here: C:/Users/txzing/Desktop/modbus_rtu_slave_rtl/vivado/vivado_proj/vivado_proj.runs/impl_1/runme.log
open_hw_manager
connect_hw_server -allow_non_jtag
INFO: [Labtools 27-2285] Connecting to hw_server url TCP:localhost:3121
INFO: [Labtools 27-2222] Launching hw_server...
INFO: [Labtools 27-2221] Launch Output:

****** Xilinx hw_server v2020.2
  **** Build date : Nov 18 2020 at 10:01:48
    ** Copyright 1986-2020 Xilinx, Inc. All Rights Reserved.


INFO: [Labtools 27-3415] Connecting to cs_server url TCP:localhost:3042
INFO: [Labtools 27-3417] Launching cs_server...
INFO: [Labtools 27-2221] Launch Output:


******** Xilinx cs_server v2020.2
  ****** Build date   : Nov 04 2020-05:02:56
    **** Build number : 2020.2.1604437376
      ** Copyright 2017-2020 Xilinx, Inc. All Rights Reserved.



connect_hw_server: Time (s): cpu = 00:00:01 ; elapsed = 00:00:15 . Memory (MB): peak = 1179.359 ; gain = 0.000
open_hw_target
INFO: [Labtoolstcl 44-466] Opening hw_target localhost:3121/xilinx_tcf/Xilinx/00000000000000
set_property PROGRAM.FILE {C:/Users/txzing/Desktop/modbus_rtu_slave_rtl/vivado/vivado_proj/vivado_proj.runs/impl_1/top.bit} [get_hw_devices xc7a35t_0]
current_hw_device [get_hw_devices xc7a35t_0]
refresh_hw_device -update_hw_probes false [lindex [get_hw_devices xc7a35t_0] 0]
INFO: [Labtools 27-1434] Device xc7a35t (JTAG device index = 0) is programmed with a design that has no supported debug core(s) in it.
set_property PROBES.FILE {} [get_hw_devices xc7a35t_0]
set_property FULL_PROBES.FILE {} [get_hw_devices xc7a35t_0]
set_property PROGRAM.FILE {C:/Users/txzing/Desktop/modbus_rtu_slave_rtl/vivado/vivado_proj/vivado_proj.runs/impl_1/top.bit} [get_hw_devices xc7a35t_0]
program_hw_devices [get_hw_devices xc7a35t_0]
INFO: [Labtools 27-3164] End of startup status: HIGH
refresh_hw_device [lindex [get_hw_devices xc7a35t_0] 0]
INFO: [Labtools 27-1434] Device xc7a35t (JTAG device index = 0) is programmed with a design that has no supported debug core(s) in it.
reset_run synth_1
launch_runs impl_1 -to_step write_bitstream -jobs 8
[Mon Apr 25 10:12:17 2022] Launched synth_1...
Run output will be captured here: C:/Users/txzing/Desktop/modbus_rtu_slave_rtl/vivado/vivado_proj/vivado_proj.runs/synth_1/runme.log
[Mon Apr 25 10:12:17 2022] Launched impl_1...
Run output will be captured here: C:/Users/txzing/Desktop/modbus_rtu_slave_rtl/vivado/vivado_proj/vivado_proj.runs/impl_1/runme.log
open_run impl_1
INFO: [Device 21-403] Loading part xc7a35tfgg484-2
Netlist sorting complete. Time (s): cpu = 00:00:00 ; elapsed = 00:00:00.014 . Memory (MB): peak = 3020.699 ; gain = 0.000
INFO: [Netlist 29-17] Analyzing 56 Unisim elements for replacement
INFO: [Netlist 29-28] Unisim Transformation completed in 0 CPU seconds
INFO: [Project 1-479] Netlist was created with Vivado 2020.2
INFO: [Project 1-570] Preparing netlist for logic optimization
INFO: [Timing 38-478] Restoring timing data from binary archive.
INFO: [Timing 38-479] Binary timing data restore complete.
INFO: [Project 1-856] Restoring constraints from binary archive.
INFO: [Project 1-853] Binary constraint restore complete.
Reading XDEF placement.
Reading placer database...
Reading XDEF routing.
Read XDEF File: Time (s): cpu = 00:00:01 ; elapsed = 00:00:00.094 . Memory (MB): peak = 3703.652 ; gain = 0.000
Restored from archive | CPU: 1.000000 secs | Memory: 0.000000 MB |
Finished XDEF File Restore: Time (s): cpu = 00:00:01 ; elapsed = 00:00:00.095 . Memory (MB): peak = 3703.652 ; gain = 0.000
Netlist sorting complete. Time (s): cpu = 00:00:00 ; elapsed = 00:00:00.001 . Memory (MB): peak = 3703.652 ; gain = 0.000
INFO: [Project 1-111] Unisim Transformation Summary:
  A total of 3 instances were transformed.
  RAM32M => RAM32M (RAMD32(x6), RAMS32(x2)): 3 instances

open_run: Time (s): cpu = 00:00:24 ; elapsed = 00:00:19 . Memory (MB): peak = 3869.199 ; gain = 1108.504
set_property PROBES.FILE {} [get_hw_devices xc7a35t_0]
set_property FULL_PROBES.FILE {} [get_hw_devices xc7a35t_0]
set_property PROGRAM.FILE {C:/Users/txzing/Desktop/modbus_rtu_slave_rtl/vivado/vivado_proj/vivado_proj.runs/impl_1/top.bit} [get_hw_devices xc7a35t_0]
program_hw_devices [get_hw_devices xc7a35t_0]
INFO: [Labtools 27-3164] End of startup status: HIGH
refresh_hw_device [lindex [get_hw_devices xc7a35t_0] 0]
INFO: [Labtools 27-1434] Device xc7a35t (JTAG device index = 0) is programmed with a design that has no supported debug core(s) in it.
WARNING: [IP_Flow 19-4067] Ignoring invalid widget type specified checkbox.Providing a default widget
reset_run synth_1
launch_runs impl_1 -to_step write_bitstream -jobs 8
[Mon Apr 25 10:20:28 2022] Launched synth_1...
Run output will be captured here: C:/Users/txzing/Desktop/modbus_rtu_slave_rtl/vivado/vivado_proj/vivado_proj.runs/synth_1/runme.log
[Mon Apr 25 10:20:28 2022] Launched impl_1...
Run output will be captured here: C:/Users/txzing/Desktop/modbus_rtu_slave_rtl/vivado/vivado_proj/vivado_proj.runs/impl_1/runme.log
WARNING: [IP_Flow 19-4067] Ignoring invalid widget type specified checkbox.Providing a default widget
WARNING: [IP_Flow 19-4067] Ignoring invalid widget type specified checkbox.Providing a default widget
create_ip -name ila -vendor xilinx.com -library ip -version 6.2 -module_name ila_0
set_property -dict [list CONFIG.C_PROBE1_WIDTH {8} CONFIG.C_PROBE0_WIDTH {4} CONFIG.C_NUM_OF_PROBES {2}] [get_ips ila_0]
generate_target {instantiation_template} [get_files c:/Users/txzing/Desktop/modbus_rtu_slave_rtl/vivado/vivado_proj/vivado_proj.srcs/sources_1/ip/ila_0/ila_0.xci]
INFO: [IP_Flow 19-1686] Generating 'Instantiation Template' target for IP 'ila_0'...
update_compile_order -fileset sources_1
generate_target all [get_files  c:/Users/txzing/Desktop/modbus_rtu_slave_rtl/vivado/vivado_proj/vivado_proj.srcs/sources_1/ip/ila_0/ila_0.xci]
INFO: [IP_Flow 19-1686] Generating 'Synthesis' target for IP 'ila_0'...
WARNING: [IP_Flow 19-4994] Overwriting existing constraint file 'c:/Users/txzing/Desktop/modbus_rtu_slave_rtl/vivado/vivado_proj/vivado_proj.gen/sources_1/ip/ila_0/ila_0_ooc.xdc'
INFO: [IP_Flow 19-1686] Generating 'Simulation' target for IP 'ila_0'...
INFO: [IP_Flow 19-1686] Generating 'Implementation' target for IP 'ila_0'...
INFO: [IP_Flow 19-1686] Generating 'Change Log' target for IP 'ila_0'...
catch { config_ip_cache -export [get_ips -all ila_0] }
export_ip_user_files -of_objects [get_files c:/Users/txzing/Desktop/modbus_rtu_slave_rtl/vivado/vivado_proj/vivado_proj.srcs/sources_1/ip/ila_0/ila_0.xci] -no_script -sync -force -quiet
create_ip_run [get_files -of_objects [get_fileset sources_1] c:/Users/txzing/Desktop/modbus_rtu_slave_rtl/vivado/vivado_proj/vivado_proj.srcs/sources_1/ip/ila_0/ila_0.xci]
launch_runs ila_0_synth_1 -jobs 8
[Mon Apr 25 10:45:35 2022] Launched ila_0_synth_1...
Run output will be captured here: C:/Users/txzing/Desktop/modbus_rtu_slave_rtl/vivado/vivado_proj/vivado_proj.runs/ila_0_synth_1/runme.log
export_simulation -of_objects [get_files c:/Users/txzing/Desktop/modbus_rtu_slave_rtl/vivado/vivado_proj/vivado_proj.srcs/sources_1/ip/ila_0/ila_0.xci] -directory C:/Users/txzing/Desktop/modbus_rtu_slave_rtl/vivado/vivado_proj/vivado_proj.ip_user_files/sim_scripts -ip_user_files_dir C:/Users/txzing/Desktop/modbus_rtu_slave_rtl/vivado/vivado_proj/vivado_proj.ip_user_files -ipstatic_source_dir C:/Users/txzing/Desktop/modbus_rtu_slave_rtl/vivado/vivado_proj/vivado_proj.ip_user_files/ipstatic -lib_map_path [list {modelsim=C:/Users/txzing/Desktop/modbus_rtu_slave_rtl/vivado/vivado_proj/vivado_proj.cache/compile_simlib/modelsim} {questa=C:/Users/txzing/Desktop/modbus_rtu_slave_rtl/vivado/vivado_proj/vivado_proj.cache/compile_simlib/questa} {riviera=C:/Users/txzing/Desktop/modbus_rtu_slave_rtl/vivado/vivado_proj/vivado_proj.cache/compile_simlib/riviera} {activehdl=C:/Users/txzing/Desktop/modbus_rtu_slave_rtl/vivado/vivado_proj/vivado_proj.cache/compile_simlib/activehdl}] -use_ip_compiled_libs -force -quiet
WARNING: [IP_Flow 19-4067] Ignoring invalid widget type specified checkbox.Providing a default widget
WARNING: [IP_Flow 19-4067] Ignoring invalid widget type specified checkbox.Providing a default widget
reset_run synth_1
launch_runs impl_1 -to_step write_bitstream -jobs 8
[Mon Apr 25 10:49:34 2022] Launched synth_1...
Run output will be captured here: C:/Users/txzing/Desktop/modbus_rtu_slave_rtl/vivado/vivado_proj/vivado_proj.runs/synth_1/runme.log
[Mon Apr 25 10:49:34 2022] Launched impl_1...
Run output will be captured here: C:/Users/txzing/Desktop/modbus_rtu_slave_rtl/vivado/vivado_proj/vivado_proj.runs/impl_1/runme.log
set_property PROBES.FILE {C:/Users/txzing/Desktop/modbus_rtu_slave_rtl/vivado/vivado_proj/vivado_proj.runs/impl_1/top.ltx} [get_hw_devices xc7a35t_0]
set_property FULL_PROBES.FILE {C:/Users/txzing/Desktop/modbus_rtu_slave_rtl/vivado/vivado_proj/vivado_proj.runs/impl_1/top.ltx} [get_hw_devices xc7a35t_0]
set_property PROGRAM.FILE {C:/Users/txzing/Desktop/modbus_rtu_slave_rtl/vivado/vivado_proj/vivado_proj.runs/impl_1/top.bit} [get_hw_devices xc7a35t_0]
program_hw_devices [get_hw_devices xc7a35t_0]
INFO: [Labtools 27-3164] End of startup status: HIGH
refresh_hw_device [lindex [get_hw_devices xc7a35t_0] 0]
INFO: [Labtools 27-2302] Device xc7a35t (JTAG device index = 0) is programmed with a design that has 1 ILA core(s).
display_hw_ila_data [ get_hw_ila_data hw_ila_data_1 -of_objects [get_hw_ilas -of_objects [get_hw_devices xc7a35t_0] -filter {CELL_NAME=~"ila_inst"}]]
run_hw_ila [get_hw_ilas -of_objects [get_hw_devices xc7a35t_0] -filter {CELL_NAME=~"ila_inst"}]
INFO: [Labtools 27-1964] The ILA core 'hw_ila_1' trigger was armed at 2022-Apr-25 10:53:12
wait_on_hw_ila [get_hw_ilas -of_objects [get_hw_devices xc7a35t_0] -filter {CELL_NAME=~"ila_inst"}]
display_hw_ila_data [upload_hw_ila_data [get_hw_ilas -of_objects [get_hw_devices xc7a35t_0] -filter {CELL_NAME=~"ila_inst"}]]
INFO: [Labtools 27-1966] The ILA core 'hw_ila_1' triggered at 2022-Apr-25 10:53:12
INFO: [Labtools 27-3304] ILA Waveform data saved to file C:/Users/txzing/Desktop/modbus_rtu_slave_rtl/vivado/vivado_proj/vivado_proj.hw/backup/hw_ila_data_1.ila. Use Tcl command 'read_hw_ila_data' or Vivado File->Import->Import ILA Data menu item to import the previously saved data.
run_hw_ila [get_hw_ilas -of_objects [get_hw_devices xc7a35t_0] -filter {CELL_NAME=~"ila_inst"}]
INFO: [Labtools 27-1964] The ILA core 'hw_ila_1' trigger was armed at 2022-Apr-25 10:53:14
wait_on_hw_ila [get_hw_ilas -of_objects [get_hw_devices xc7a35t_0] -filter {CELL_NAME=~"ila_inst"}]
display_hw_ila_data [upload_hw_ila_data [get_hw_ilas -of_objects [get_hw_devices xc7a35t_0] -filter {CELL_NAME=~"ila_inst"}]]
INFO: [Labtools 27-1966] The ILA core 'hw_ila_1' triggered at 2022-Apr-25 10:53:14
INFO: [Labtools 27-3304] ILA Waveform data saved to file C:/Users/txzing/Desktop/modbus_rtu_slave_rtl/vivado/vivado_proj/vivado_proj.hw/backup/hw_ila_data_1.ila. Use Tcl command 'read_hw_ila_data' or Vivado File->Import->Import ILA Data menu item to import the previously saved data.
run_hw_ila [get_hw_ilas -of_objects [get_hw_devices xc7a35t_0] -filter {CELL_NAME=~"ila_inst"}]
INFO: [Labtools 27-1964] The ILA core 'hw_ila_1' trigger was armed at 2022-Apr-25 10:53:15
wait_on_hw_ila [get_hw_ilas -of_objects [get_hw_devices xc7a35t_0] -filter {CELL_NAME=~"ila_inst"}]
display_hw_ila_data [upload_hw_ila_data [get_hw_ilas -of_objects [get_hw_devices xc7a35t_0] -filter {CELL_NAME=~"ila_inst"}]]
INFO: [Labtools 27-1966] The ILA core 'hw_ila_1' triggered at 2022-Apr-25 10:53:15
INFO: [Labtools 27-3304] ILA Waveform data saved to file C:/Users/txzing/Desktop/modbus_rtu_slave_rtl/vivado/vivado_proj/vivado_proj.hw/backup/hw_ila_data_1.ila. Use Tcl command 'read_hw_ila_data' or Vivado File->Import->Import ILA Data menu item to import the previously saved data.
run_hw_ila [get_hw_ilas -of_objects [get_hw_devices xc7a35t_0] -filter {CELL_NAME=~"ila_inst"}]
INFO: [Labtools 27-1964] The ILA core 'hw_ila_1' trigger was armed at 2022-Apr-25 10:53:18
wait_on_hw_ila [get_hw_ilas -of_objects [get_hw_devices xc7a35t_0] -filter {CELL_NAME=~"ila_inst"}]
display_hw_ila_data [upload_hw_ila_data [get_hw_ilas -of_objects [get_hw_devices xc7a35t_0] -filter {CELL_NAME=~"ila_inst"}]]
INFO: [Labtools 27-1966] The ILA core 'hw_ila_1' triggered at 2022-Apr-25 10:53:18
INFO: [Labtools 27-3304] ILA Waveform data saved to file C:/Users/txzing/Desktop/modbus_rtu_slave_rtl/vivado/vivado_proj/vivado_proj.hw/backup/hw_ila_data_1.ila. Use Tcl command 'read_hw_ila_data' or Vivado File->Import->Import ILA Data menu item to import the previously saved data.
run_hw_ila [get_hw_ilas -of_objects [get_hw_devices xc7a35t_0] -filter {CELL_NAME=~"ila_inst"}]
INFO: [Labtools 27-1964] The ILA core 'hw_ila_1' trigger was armed at 2022-Apr-25 10:53:21
wait_on_hw_ila [get_hw_ilas -of_objects [get_hw_devices xc7a35t_0] -filter {CELL_NAME=~"ila_inst"}]
display_hw_ila_data [upload_hw_ila_data [get_hw_ilas -of_objects [get_hw_devices xc7a35t_0] -filter {CELL_NAME=~"ila_inst"}]]
INFO: [Labtools 27-1966] The ILA core 'hw_ila_1' triggered at 2022-Apr-25 10:53:21
INFO: [Labtools 27-3304] ILA Waveform data saved to file C:/Users/txzing/Desktop/modbus_rtu_slave_rtl/vivado/vivado_proj/vivado_proj.hw/backup/hw_ila_data_1.ila. Use Tcl command 'read_hw_ila_data' or Vivado File->Import->Import ILA Data menu item to import the previously saved data.
run_hw_ila [get_hw_ilas -of_objects [get_hw_devices xc7a35t_0] -filter {CELL_NAME=~"ila_inst"}]
INFO: [Labtools 27-1964] The ILA core 'hw_ila_1' trigger was armed at 2022-Apr-25 10:53:24
wait_on_hw_ila [get_hw_ilas -of_objects [get_hw_devices xc7a35t_0] -filter {CELL_NAME=~"ila_inst"}]
display_hw_ila_data [upload_hw_ila_data [get_hw_ilas -of_objects [get_hw_devices xc7a35t_0] -filter {CELL_NAME=~"ila_inst"}]]
INFO: [Labtools 27-1966] The ILA core 'hw_ila_1' triggered at 2022-Apr-25 10:53:25
INFO: [Labtools 27-3304] ILA Waveform data saved to file C:/Users/txzing/Desktop/modbus_rtu_slave_rtl/vivado/vivado_proj/vivado_proj.hw/backup/hw_ila_data_1.ila. Use Tcl command 'read_hw_ila_data' or Vivado File->Import->Import ILA Data menu item to import the previously saved data.
run_hw_ila [get_hw_ilas -of_objects [get_hw_devices xc7a35t_0] -filter {CELL_NAME=~"ila_inst"}]
INFO: [Labtools 27-1964] The ILA core 'hw_ila_1' trigger was armed at 2022-Apr-25 10:53:28
wait_on_hw_ila [get_hw_ilas -of_objects [get_hw_devices xc7a35t_0] -filter {CELL_NAME=~"ila_inst"}]
display_hw_ila_data [upload_hw_ila_data [get_hw_ilas -of_objects [get_hw_devices xc7a35t_0] -filter {CELL_NAME=~"ila_inst"}]]
INFO: [Labtools 27-1966] The ILA core 'hw_ila_1' triggered at 2022-Apr-25 10:53:28
INFO: [Labtools 27-3304] ILA Waveform data saved to file C:/Users/txzing/Desktop/modbus_rtu_slave_rtl/vivado/vivado_proj/vivado_proj.hw/backup/hw_ila_data_1.ila. Use Tcl command 'read_hw_ila_data' or Vivado File->Import->Import ILA Data menu item to import the previously saved data.
run_hw_ila [get_hw_ilas -of_objects [get_hw_devices xc7a35t_0] -filter {CELL_NAME=~"ila_inst"}]
INFO: [Labtools 27-1964] The ILA core 'hw_ila_1' trigger was armed at 2022-Apr-25 10:53:32
wait_on_hw_ila [get_hw_ilas -of_objects [get_hw_devices xc7a35t_0] -filter {CELL_NAME=~"ila_inst"}]
display_hw_ila_data [upload_hw_ila_data [get_hw_ilas -of_objects [get_hw_devices xc7a35t_0] -filter {CELL_NAME=~"ila_inst"}]]
INFO: [Labtools 27-1966] The ILA core 'hw_ila_1' triggered at 2022-Apr-25 10:53:32
INFO: [Labtools 27-3304] ILA Waveform data saved to file C:/Users/txzing/Desktop/modbus_rtu_slave_rtl/vivado/vivado_proj/vivado_proj.hw/backup/hw_ila_data_1.ila. Use Tcl command 'read_hw_ila_data' or Vivado File->Import->Import ILA Data menu item to import the previously saved data.
run_hw_ila [get_hw_ilas -of_objects [get_hw_devices xc7a35t_0] -filter {CELL_NAME=~"ila_inst"}]
INFO: [Labtools 27-1964] The ILA core 'hw_ila_1' trigger was armed at 2022-Apr-25 10:53:35
wait_on_hw_ila [get_hw_ilas -of_objects [get_hw_devices xc7a35t_0] -filter {CELL_NAME=~"ila_inst"}]
display_hw_ila_data [upload_hw_ila_data [get_hw_ilas -of_objects [get_hw_devices xc7a35t_0] -filter {CELL_NAME=~"ila_inst"}]]
INFO: [Labtools 27-1966] The ILA core 'hw_ila_1' triggered at 2022-Apr-25 10:53:35
INFO: [Labtools 27-3304] ILA Waveform data saved to file C:/Users/txzing/Desktop/modbus_rtu_slave_rtl/vivado/vivado_proj/vivado_proj.hw/backup/hw_ila_data_1.ila. Use Tcl command 'read_hw_ila_data' or Vivado File->Import->Import ILA Data menu item to import the previously saved data.
run_hw_ila [get_hw_ilas -of_objects [get_hw_devices xc7a35t_0] -filter {CELL_NAME=~"ila_inst"}]
INFO: [Labtools 27-1964] The ILA core 'hw_ila_1' trigger was armed at 2022-Apr-25 10:53:38
wait_on_hw_ila [get_hw_ilas -of_objects [get_hw_devices xc7a35t_0] -filter {CELL_NAME=~"ila_inst"}]
display_hw_ila_data [upload_hw_ila_data [get_hw_ilas -of_objects [get_hw_devices xc7a35t_0] -filter {CELL_NAME=~"ila_inst"}]]
INFO: [Labtools 27-1966] The ILA core 'hw_ila_1' triggered at 2022-Apr-25 10:53:39
INFO: [Labtools 27-3304] ILA Waveform data saved to file C:/Users/txzing/Desktop/modbus_rtu_slave_rtl/vivado/vivado_proj/vivado_proj.hw/backup/hw_ila_data_1.ila. Use Tcl command 'read_hw_ila_data' or Vivado File->Import->Import ILA Data menu item to import the previously saved data.
run_hw_ila [get_hw_ilas -of_objects [get_hw_devices xc7a35t_0] -filter {CELL_NAME=~"ila_inst"}]
INFO: [Labtools 27-1964] The ILA core 'hw_ila_1' trigger was armed at 2022-Apr-25 10:53:42
wait_on_hw_ila [get_hw_ilas -of_objects [get_hw_devices xc7a35t_0] -filter {CELL_NAME=~"ila_inst"}]
display_hw_ila_data [upload_hw_ila_data [get_hw_ilas -of_objects [get_hw_devices xc7a35t_0] -filter {CELL_NAME=~"ila_inst"}]]
INFO: [Labtools 27-1966] The ILA core 'hw_ila_1' triggered at 2022-Apr-25 10:53:42
INFO: [Labtools 27-3304] ILA Waveform data saved to file C:/Users/txzing/Desktop/modbus_rtu_slave_rtl/vivado/vivado_proj/vivado_proj.hw/backup/hw_ila_data_1.ila. Use Tcl command 'read_hw_ila_data' or Vivado File->Import->Import ILA Data menu item to import the previously saved data.
run_hw_ila [get_hw_ilas -of_objects [get_hw_devices xc7a35t_0] -filter {CELL_NAME=~"ila_inst"}]
INFO: [Labtools 27-1964] The ILA core 'hw_ila_1' trigger was armed at 2022-Apr-25 10:53:45
wait_on_hw_ila [get_hw_ilas -of_objects [get_hw_devices xc7a35t_0] -filter {CELL_NAME=~"ila_inst"}]
display_hw_ila_data [upload_hw_ila_data [get_hw_ilas -of_objects [get_hw_devices xc7a35t_0] -filter {CELL_NAME=~"ila_inst"}]]
INFO: [Labtools 27-1966] The ILA core 'hw_ila_1' triggered at 2022-Apr-25 10:53:45
INFO: [Labtools 27-3304] ILA Waveform data saved to file C:/Users/txzing/Desktop/modbus_rtu_slave_rtl/vivado/vivado_proj/vivado_proj.hw/backup/hw_ila_data_1.ila. Use Tcl command 'read_hw_ila_data' or Vivado File->Import->Import ILA Data menu item to import the previously saved data.
run_hw_ila [get_hw_ilas -of_objects [get_hw_devices xc7a35t_0] -filter {CELL_NAME=~"ila_inst"}]
INFO: [Labtools 27-1964] The ILA core 'hw_ila_1' trigger was armed at 2022-Apr-25 10:53:49
wait_on_hw_ila [get_hw_ilas -of_objects [get_hw_devices xc7a35t_0] -filter {CELL_NAME=~"ila_inst"}]
display_hw_ila_data [upload_hw_ila_data [get_hw_ilas -of_objects [get_hw_devices xc7a35t_0] -filter {CELL_NAME=~"ila_inst"}]]
INFO: [Labtools 27-1966] The ILA core 'hw_ila_1' triggered at 2022-Apr-25 10:53:49
INFO: [Labtools 27-3304] ILA Waveform data saved to file C:/Users/txzing/Desktop/modbus_rtu_slave_rtl/vivado/vivado_proj/vivado_proj.hw/backup/hw_ila_data_1.ila. Use Tcl command 'read_hw_ila_data' or Vivado File->Import->Import ILA Data menu item to import the previously saved data.
run_hw_ila [get_hw_ilas -of_objects [get_hw_devices xc7a35t_0] -filter {CELL_NAME=~"ila_inst"}]
INFO: [Labtools 27-1964] The ILA core 'hw_ila_1' trigger was armed at 2022-Apr-25 10:53:52
wait_on_hw_ila [get_hw_ilas -of_objects [get_hw_devices xc7a35t_0] -filter {CELL_NAME=~"ila_inst"}]
display_hw_ila_data [upload_hw_ila_data [get_hw_ilas -of_objects [get_hw_devices xc7a35t_0] -filter {CELL_NAME=~"ila_inst"}]]
INFO: [Labtools 27-1966] The ILA core 'hw_ila_1' triggered at 2022-Apr-25 10:53:52
INFO: [Labtools 27-3304] ILA Waveform data saved to file C:/Users/txzing/Desktop/modbus_rtu_slave_rtl/vivado/vivado_proj/vivado_proj.hw/backup/hw_ila_data_1.ila. Use Tcl command 'read_hw_ila_data' or Vivado File->Import->Import ILA Data menu item to import the previously saved data.
run_hw_ila [get_hw_ilas -of_objects [get_hw_devices xc7a35t_0] -filter {CELL_NAME=~"ila_inst"}]
INFO: [Labtools 27-1964] The ILA core 'hw_ila_1' trigger was armed at 2022-Apr-25 10:53:56
wait_on_hw_ila [get_hw_ilas -of_objects [get_hw_devices xc7a35t_0] -filter {CELL_NAME=~"ila_inst"}]
display_hw_ila_data [upload_hw_ila_data [get_hw_ilas -of_objects [get_hw_devices xc7a35t_0] -filter {CELL_NAME=~"ila_inst"}]]
INFO: [Labtools 27-1966] The ILA core 'hw_ila_1' triggered at 2022-Apr-25 10:53:56
INFO: [Labtools 27-3304] ILA Waveform data saved to file C:/Users/txzing/Desktop/modbus_rtu_slave_rtl/vivado/vivado_proj/vivado_proj.hw/backup/hw_ila_data_1.ila. Use Tcl command 'read_hw_ila_data' or Vivado File->Import->Import ILA Data menu item to import the previously saved data.
run_hw_ila [get_hw_ilas -of_objects [get_hw_devices xc7a35t_0] -filter {CELL_NAME=~"ila_inst"}]
INFO: [Labtools 27-1964] The ILA core 'hw_ila_1' trigger was armed at 2022-Apr-25 10:54:08
wait_on_hw_ila [get_hw_ilas -of_objects [get_hw_devices xc7a35t_0] -filter {CELL_NAME=~"ila_inst"}]
display_hw_ila_data [upload_hw_ila_data [get_hw_ilas -of_objects [get_hw_devices xc7a35t_0] -filter {CELL_NAME=~"ila_inst"}]]
INFO: [Labtools 27-1966] The ILA core 'hw_ila_1' triggered at 2022-Apr-25 10:54:08
INFO: [Labtools 27-3304] ILA Waveform data saved to file C:/Users/txzing/Desktop/modbus_rtu_slave_rtl/vivado/vivado_proj/vivado_proj.hw/backup/hw_ila_data_1.ila. Use Tcl command 'read_hw_ila_data' or Vivado File->Import->Import ILA Data menu item to import the previously saved data.
run_hw_ila [get_hw_ilas -of_objects [get_hw_devices xc7a35t_0] -filter {CELL_NAME=~"ila_inst"}]
INFO: [Labtools 27-1964] The ILA core 'hw_ila_1' trigger was armed at 2022-Apr-25 10:54:12
wait_on_hw_ila [get_hw_ilas -of_objects [get_hw_devices xc7a35t_0] -filter {CELL_NAME=~"ila_inst"}]
display_hw_ila_data [upload_hw_ila_data [get_hw_ilas -of_objects [get_hw_devices xc7a35t_0] -filter {CELL_NAME=~"ila_inst"}]]
INFO: [Labtools 27-1966] The ILA core 'hw_ila_1' triggered at 2022-Apr-25 10:54:12
INFO: [Labtools 27-3304] ILA Waveform data saved to file C:/Users/txzing/Desktop/modbus_rtu_slave_rtl/vivado/vivado_proj/vivado_proj.hw/backup/hw_ila_data_1.ila. Use Tcl command 'read_hw_ila_data' or Vivado File->Import->Import ILA Data menu item to import the previously saved data.
run_hw_ila [get_hw_ilas -of_objects [get_hw_devices xc7a35t_0] -filter {CELL_NAME=~"ila_inst"}]
INFO: [Labtools 27-1964] The ILA core 'hw_ila_1' trigger was armed at 2022-Apr-25 10:54:15
wait_on_hw_ila [get_hw_ilas -of_objects [get_hw_devices xc7a35t_0] -filter {CELL_NAME=~"ila_inst"}]
display_hw_ila_data [upload_hw_ila_data [get_hw_ilas -of_objects [get_hw_devices xc7a35t_0] -filter {CELL_NAME=~"ila_inst"}]]
INFO: [Labtools 27-1966] The ILA core 'hw_ila_1' triggered at 2022-Apr-25 10:54:15
INFO: [Labtools 27-3304] ILA Waveform data saved to file C:/Users/txzing/Desktop/modbus_rtu_slave_rtl/vivado/vivado_proj/vivado_proj.hw/backup/hw_ila_data_1.ila. Use Tcl command 'read_hw_ila_data' or Vivado File->Import->Import ILA Data menu item to import the previously saved data.
run_hw_ila [get_hw_ilas -of_objects [get_hw_devices xc7a35t_0] -filter {CELL_NAME=~"ila_inst"}]
INFO: [Labtools 27-1964] The ILA core 'hw_ila_1' trigger was armed at 2022-Apr-25 10:54:19
wait_on_hw_ila [get_hw_ilas -of_objects [get_hw_devices xc7a35t_0] -filter {CELL_NAME=~"ila_inst"}]
display_hw_ila_data [upload_hw_ila_data [get_hw_ilas -of_objects [get_hw_devices xc7a35t_0] -filter {CELL_NAME=~"ila_inst"}]]
INFO: [Labtools 27-1966] The ILA core 'hw_ila_1' triggered at 2022-Apr-25 10:54:19
INFO: [Labtools 27-3304] ILA Waveform data saved to file C:/Users/txzing/Desktop/modbus_rtu_slave_rtl/vivado/vivado_proj/vivado_proj.hw/backup/hw_ila_data_1.ila. Use Tcl command 'read_hw_ila_data' or Vivado File->Import->Import ILA Data menu item to import the previously saved data.
run_hw_ila [get_hw_ilas -of_objects [get_hw_devices xc7a35t_0] -filter {CELL_NAME=~"ila_inst"}]
INFO: [Labtools 27-1964] The ILA core 'hw_ila_1' trigger was armed at 2022-Apr-25 10:54:22
wait_on_hw_ila [get_hw_ilas -of_objects [get_hw_devices xc7a35t_0] -filter {CELL_NAME=~"ila_inst"}]
display_hw_ila_data [upload_hw_ila_data [get_hw_ilas -of_objects [get_hw_devices xc7a35t_0] -filter {CELL_NAME=~"ila_inst"}]]
INFO: [Labtools 27-1966] The ILA core 'hw_ila_1' triggered at 2022-Apr-25 10:54:22
INFO: [Labtools 27-3304] ILA Waveform data saved to file C:/Users/txzing/Desktop/modbus_rtu_slave_rtl/vivado/vivado_proj/vivado_proj.hw/backup/hw_ila_data_1.ila. Use Tcl command 'read_hw_ila_data' or Vivado File->Import->Import ILA Data menu item to import the previously saved data.
run_hw_ila [get_hw_ilas -of_objects [get_hw_devices xc7a35t_0] -filter {CELL_NAME=~"ila_inst"}]
INFO: [Labtools 27-1964] The ILA core 'hw_ila_1' trigger was armed at 2022-Apr-25 10:54:26
wait_on_hw_ila [get_hw_ilas -of_objects [get_hw_devices xc7a35t_0] -filter {CELL_NAME=~"ila_inst"}]
display_hw_ila_data [upload_hw_ila_data [get_hw_ilas -of_objects [get_hw_devices xc7a35t_0] -filter {CELL_NAME=~"ila_inst"}]]
INFO: [Labtools 27-1966] The ILA core 'hw_ila_1' triggered at 2022-Apr-25 10:54:26
INFO: [Labtools 27-3304] ILA Waveform data saved to file C:/Users/txzing/Desktop/modbus_rtu_slave_rtl/vivado/vivado_proj/vivado_proj.hw/backup/hw_ila_data_1.ila. Use Tcl command 'read_hw_ila_data' or Vivado File->Import->Import ILA Data menu item to import the previously saved data.
run_hw_ila [get_hw_ilas -of_objects [get_hw_devices xc7a35t_0] -filter {CELL_NAME=~"ila_inst"}]
INFO: [Labtools 27-1964] The ILA core 'hw_ila_1' trigger was armed at 2022-Apr-25 10:54:29
wait_on_hw_ila [get_hw_ilas -of_objects [get_hw_devices xc7a35t_0] -filter {CELL_NAME=~"ila_inst"}]
display_hw_ila_data [upload_hw_ila_data [get_hw_ilas -of_objects [get_hw_devices xc7a35t_0] -filter {CELL_NAME=~"ila_inst"}]]
INFO: [Labtools 27-1966] The ILA core 'hw_ila_1' triggered at 2022-Apr-25 10:54:29
INFO: [Labtools 27-3304] ILA Waveform data saved to file C:/Users/txzing/Desktop/modbus_rtu_slave_rtl/vivado/vivado_proj/vivado_proj.hw/backup/hw_ila_data_1.ila. Use Tcl command 'read_hw_ila_data' or Vivado File->Import->Import ILA Data menu item to import the previously saved data.
run_hw_ila [get_hw_ilas -of_objects [get_hw_devices xc7a35t_0] -filter {CELL_NAME=~"ila_inst"}]
INFO: [Labtools 27-1964] The ILA core 'hw_ila_1' trigger was armed at 2022-Apr-25 10:54:33
wait_on_hw_ila [get_hw_ilas -of_objects [get_hw_devices xc7a35t_0] -filter {CELL_NAME=~"ila_inst"}]
display_hw_ila_data [upload_hw_ila_data [get_hw_ilas -of_objects [get_hw_devices xc7a35t_0] -filter {CELL_NAME=~"ila_inst"}]]
INFO: [Labtools 27-1966] The ILA core 'hw_ila_1' triggered at 2022-Apr-25 10:54:33
INFO: [Labtools 27-3304] ILA Waveform data saved to file C:/Users/txzing/Desktop/modbus_rtu_slave_rtl/vivado/vivado_proj/vivado_proj.hw/backup/hw_ila_data_1.ila. Use Tcl command 'read_hw_ila_data' or Vivado File->Import->Import ILA Data menu item to import the previously saved data.
run_hw_ila [get_hw_ilas -of_objects [get_hw_devices xc7a35t_0] -filter {CELL_NAME=~"ila_inst"}]
INFO: [Labtools 27-1964] The ILA core 'hw_ila_1' trigger was armed at 2022-Apr-25 10:54:36
wait_on_hw_ila [get_hw_ilas -of_objects [get_hw_devices xc7a35t_0] -filter {CELL_NAME=~"ila_inst"}]
display_hw_ila_data [upload_hw_ila_data [get_hw_ilas -of_objects [get_hw_devices xc7a35t_0] -filter {CELL_NAME=~"ila_inst"}]]
INFO: [Labtools 27-1966] The ILA core 'hw_ila_1' triggered at 2022-Apr-25 10:54:36
INFO: [Labtools 27-3304] ILA Waveform data saved to file C:/Users/txzing/Desktop/modbus_rtu_slave_rtl/vivado/vivado_proj/vivado_proj.hw/backup/hw_ila_data_1.ila. Use Tcl command 'read_hw_ila_data' or Vivado File->Import->Import ILA Data menu item to import the previously saved data.
run_hw_ila [get_hw_ilas -of_objects [get_hw_devices xc7a35t_0] -filter {CELL_NAME=~"ila_inst"}]
INFO: [Labtools 27-1964] The ILA core 'hw_ila_1' trigger was armed at 2022-Apr-25 10:54:39
wait_on_hw_ila [get_hw_ilas -of_objects [get_hw_devices xc7a35t_0] -filter {CELL_NAME=~"ila_inst"}]
display_hw_ila_data [upload_hw_ila_data [get_hw_ilas -of_objects [get_hw_devices xc7a35t_0] -filter {CELL_NAME=~"ila_inst"}]]
INFO: [Labtools 27-1966] The ILA core 'hw_ila_1' triggered at 2022-Apr-25 10:54:39
INFO: [Labtools 27-3304] ILA Waveform data saved to file C:/Users/txzing/Desktop/modbus_rtu_slave_rtl/vivado/vivado_proj/vivado_proj.hw/backup/hw_ila_data_1.ila. Use Tcl command 'read_hw_ila_data' or Vivado File->Import->Import ILA Data menu item to import the previously saved data.
run_hw_ila [get_hw_ilas -of_objects [get_hw_devices xc7a35t_0] -filter {CELL_NAME=~"ila_inst"}]
INFO: [Labtools 27-1964] The ILA core 'hw_ila_1' trigger was armed at 2022-Apr-25 10:54:43
wait_on_hw_ila [get_hw_ilas -of_objects [get_hw_devices xc7a35t_0] -filter {CELL_NAME=~"ila_inst"}]
display_hw_ila_data [upload_hw_ila_data [get_hw_ilas -of_objects [get_hw_devices xc7a35t_0] -filter {CELL_NAME=~"ila_inst"}]]
INFO: [Labtools 27-1966] The ILA core 'hw_ila_1' triggered at 2022-Apr-25 10:54:43
INFO: [Labtools 27-3304] ILA Waveform data saved to file C:/Users/txzing/Desktop/modbus_rtu_slave_rtl/vivado/vivado_proj/vivado_proj.hw/backup/hw_ila_data_1.ila. Use Tcl command 'read_hw_ila_data' or Vivado File->Import->Import ILA Data menu item to import the previously saved data.
run_hw_ila [get_hw_ilas -of_objects [get_hw_devices xc7a35t_0] -filter {CELL_NAME=~"ila_inst"}]
INFO: [Labtools 27-1964] The ILA core 'hw_ila_1' trigger was armed at 2022-Apr-25 10:54:46
wait_on_hw_ila [get_hw_ilas -of_objects [get_hw_devices xc7a35t_0] -filter {CELL_NAME=~"ila_inst"}]
display_hw_ila_data [upload_hw_ila_data [get_hw_ilas -of_objects [get_hw_devices xc7a35t_0] -filter {CELL_NAME=~"ila_inst"}]]
INFO: [Labtools 27-1966] The ILA core 'hw_ila_1' triggered at 2022-Apr-25 10:54:46
INFO: [Labtools 27-3304] ILA Waveform data saved to file C:/Users/txzing/Desktop/modbus_rtu_slave_rtl/vivado/vivado_proj/vivado_proj.hw/backup/hw_ila_data_1.ila. Use Tcl command 'read_hw_ila_data' or Vivado File->Import->Import ILA Data menu item to import the previously saved data.
run_hw_ila [get_hw_ilas -of_objects [get_hw_devices xc7a35t_0] -filter {CELL_NAME=~"ila_inst"}]
INFO: [Labtools 27-1964] The ILA core 'hw_ila_1' trigger was armed at 2022-Apr-25 10:54:50
wait_on_hw_ila [get_hw_ilas -of_objects [get_hw_devices xc7a35t_0] -filter {CELL_NAME=~"ila_inst"}]
display_hw_ila_data [upload_hw_ila_data [get_hw_ilas -of_objects [get_hw_devices xc7a35t_0] -filter {CELL_NAME=~"ila_inst"}]]
INFO: [Labtools 27-1966] The ILA core 'hw_ila_1' triggered at 2022-Apr-25 10:54:50
INFO: [Labtools 27-3304] ILA Waveform data saved to file C:/Users/txzing/Desktop/modbus_rtu_slave_rtl/vivado/vivado_proj/vivado_proj.hw/backup/hw_ila_data_1.ila. Use Tcl command 'read_hw_ila_data' or Vivado File->Import->Import ILA Data menu item to import the previously saved data.
run_hw_ila [get_hw_ilas -of_objects [get_hw_devices xc7a35t_0] -filter {CELL_NAME=~"ila_inst"}]
INFO: [Labtools 27-1964] The ILA core 'hw_ila_1' trigger was armed at 2022-Apr-25 10:54:53
wait_on_hw_ila [get_hw_ilas -of_objects [get_hw_devices xc7a35t_0] -filter {CELL_NAME=~"ila_inst"}]
display_hw_ila_data [upload_hw_ila_data [get_hw_ilas -of_objects [get_hw_devices xc7a35t_0] -filter {CELL_NAME=~"ila_inst"}]]
INFO: [Labtools 27-1966] The ILA core 'hw_ila_1' triggered at 2022-Apr-25 10:54:53
INFO: [Labtools 27-3304] ILA Waveform data saved to file C:/Users/txzing/Desktop/modbus_rtu_slave_rtl/vivado/vivado_proj/vivado_proj.hw/backup/hw_ila_data_1.ila. Use Tcl command 'read_hw_ila_data' or Vivado File->Import->Import ILA Data menu item to import the previously saved data.
ERROR: [Labtoolstcl 44-513] HW Target shutdown. Closing target: localhost:3121/xilinx_tcf/Xilinx/00000000000000
reset_run synth_1
launch_runs impl_1 -to_step write_bitstream -jobs 8
[Mon Apr 25 14:48:45 2022] Launched synth_1...
Run output will be captured here: C:/Users/txzing/Desktop/modbus_rtu_slave_rtl/vivado/vivado_proj/vivado_proj.runs/synth_1/runme.log
[Mon Apr 25 14:48:45 2022] Launched impl_1...
Run output will be captured here: C:/Users/txzing/Desktop/modbus_rtu_slave_rtl/vivado/vivado_proj/vivado_proj.runs/impl_1/runme.log
INFO: [Labtoolstcl 44-466] Opening hw_target localhost:3121/xilinx_tcf/Xilinx/00000000000000
INFO: [Labtools 27-1434] Device xc7a35t (JTAG device index = 0) is programmed with a design that has no supported debug core(s) in it.
WARNING: [Labtools 27-3361] The debug hub core was not detected.
Resolution: 
1. Make sure the clock connected to the debug hub (dbg_hub) core is a free running clock and is active.
2. Make sure the BSCAN_SWITCH_USER_MASK device property in Vivado Hardware Manager reflects the user scan chain setting in the design and refresh the device.  To determine the user scan chain setting in the design, open the implemented design and use 'get_property C_USER_SCAN_CHAIN [get_debug_cores dbg_hub]'.
For more details on setting the scan chain property, consult the Vivado Debug and Programming User Guide (UG908).
WARNING: [Labtools 27-3413] Dropping logic core with cellname:'ila_inst' at location 'uuid_B65D52E476D5562DB4292AFCA0F6D0A3' from probes file, since it cannot be found on the programmed device.
WARNING: [Labtoolstcl 44-129] No matching hw_ila_data was found.
set_property PROBES.FILE {C:/Users/txzing/Desktop/modbus_rtu_slave_rtl/vivado/vivado_proj/vivado_proj.runs/impl_1/top.ltx} [get_hw_devices xc7a35t_0]
set_property FULL_PROBES.FILE {C:/Users/txzing/Desktop/modbus_rtu_slave_rtl/vivado/vivado_proj/vivado_proj.runs/impl_1/top.ltx} [get_hw_devices xc7a35t_0]
set_property PROGRAM.FILE {C:/Users/txzing/Desktop/modbus_rtu_slave_rtl/vivado/vivado_proj/vivado_proj.runs/impl_1/top.bit} [get_hw_devices xc7a35t_0]
program_hw_devices [get_hw_devices xc7a35t_0]
INFO: [Labtools 27-3164] End of startup status: HIGH
refresh_hw_device [lindex [get_hw_devices xc7a35t_0] 0]
INFO: [Labtools 27-2302] Device xc7a35t (JTAG device index = 0) is programmed with a design that has 1 ILA core(s).
display_hw_ila_data [ get_hw_ila_data hw_ila_data_1 -of_objects [get_hw_ilas -of_objects [get_hw_devices xc7a35t_0] -filter {CELL_NAME=~"ila_inst"}]]
ERROR: [Labtoolstcl 44-513] HW Target shutdown. Closing target: localhost:3121/xilinx_tcf/Xilinx/00000000000000
reset_run synth_1
launch_runs impl_1 -to_step write_bitstream -jobs 8
[Mon Apr 25 15:33:15 2022] Launched synth_1...
Run output will be captured here: C:/Users/txzing/Desktop/modbus_rtu_slave_rtl/vivado/vivado_proj/vivado_proj.runs/synth_1/runme.log
[Mon Apr 25 15:33:15 2022] Launched impl_1...
Run output will be captured here: C:/Users/txzing/Desktop/modbus_rtu_slave_rtl/vivado/vivado_proj/vivado_proj.runs/impl_1/runme.log
exit
INFO: [Common 17-206] Exiting Vivado at Mon Apr 25 16:32:19 2022...
