#-----------------------------------------------------------
# Vivado v2020.2 (64-bit)
# SW Build 3064766 on Wed Nov 18 09:12:45 MST 2020
# IP Build 3064653 on Wed Nov 18 14:17:31 MST 2020
# Start of session at: Fri Apr 22 16:46:56 2022
# Process ID: 16528
# Current directory: C:/Users/txzing/Desktop/modbus_rtu_slave_rtl/vivado/vivado_proj
# Command line: vivado.exe -gui_launcher_event rodinguilauncherevent15584 C:\Users\txzing\Desktop\modbus_rtu_slave_rtl\vivado\vivado_proj\vivado_proj.xpr
# Log file: C:/Users/txzing/Desktop/modbus_rtu_slave_rtl/vivado/vivado_proj/vivado.log
# Journal file: C:/Users/txzing/Desktop/modbus_rtu_slave_rtl/vivado/vivado_proj\vivado.jou
#-----------------------------------------------------------
start_gui
open_project C:/Users/txzing/Desktop/modbus_rtu_slave_rtl/vivado/vivado_proj/vivado_proj.xpr
INFO: [Project 1-313] Project file moved from '/home/andreas/workdir/figkey/modbus_rtu_slave_rtl/vivado/vivado_proj' since last save.
WARNING: [filemgmt 56-3] IP Output Repository Path: Could not find the directory '/home/andreas/workdir/figkey/modbus_rtu_slave_rtl/vivado/ip_cache'.
WARNING: [filemgmt 56-2] Default IP Output Path : Could not find the directory 'C:/Users/txzing/Desktop/modbus_rtu_slave_rtl/vivado/vivado_proj/vivado_proj.gen/sources_1', nor could it be found using path 'C:/home/andreas/workdir/figkey/modbus_rtu_slave_rtl/vivado/vivado_proj/vivado_proj.gen/sources_1'.
Scanning sources...
Finished scanning sources
INFO: [IP_Flow 19-234] Refreshing IP repositories
INFO: [IP_Flow 19-1700] Loaded user IP repository 'c:/Users/txzing/Desktop/modbus_rtu_slave_rtl/vivado/ip_repo'.
INFO: [IP_Flow 19-2313] Loaded Vivado IP repository 'D:/Vivado/Vivado/2020.2/data/ip'.
open_project: Time (s): cpu = 00:00:14 ; elapsed = 00:00:13 . Memory (MB): peak = 1054.355 ; gain = 130.922
update_compile_order -fileset sources_1
reset_run synth_1
launch_runs impl_1 -to_step write_bitstream -jobs 8
[Fri Apr 22 16:49:49 2022] Launched synth_1...
Run output will be captured here: C:/Users/txzing/Desktop/modbus_rtu_slave_rtl/vivado/vivado_proj/vivado_proj.runs/synth_1/runme.log
[Fri Apr 22 16:49:49 2022] Launched impl_1...
Run output will be captured here: C:/Users/txzing/Desktop/modbus_rtu_slave_rtl/vivado/vivado_proj/vivado_proj.runs/impl_1/runme.log
open_run impl_1
INFO: [Device 21-403] Loading part xczu2cg-sfvc784-1-e
Netlist sorting complete. Time (s): cpu = 00:00:00 ; elapsed = 00:00:00.011 . Memory (MB): peak = 2008.395 ; gain = 0.000
INFO: [Netlist 29-17] Analyzing 21 Unisim elements for replacement
INFO: [Netlist 29-28] Unisim Transformation completed in 1 CPU seconds
INFO: [Project 1-479] Netlist was created with Vivado 2020.2
INFO: [Project 1-570] Preparing netlist for logic optimization
INFO: [Timing 38-478] Restoring timing data from binary archive.
INFO: [Timing 38-479] Binary timing data restore complete.
INFO: [Project 1-856] Restoring constraints from binary archive.
INFO: [Project 1-853] Binary constraint restore complete.
Reading XDEF placement.
Reading placer database...
Reading XDEF routing.
Read XDEF File: Time (s): cpu = 00:00:00 ; elapsed = 00:00:00.145 . Memory (MB): peak = 2288.602 ; gain = 1.070
Restored from archive | CPU: 0.000000 secs | Memory: 0.000000 MB |
Finished XDEF File Restore: Time (s): cpu = 00:00:00 ; elapsed = 00:00:00.145 . Memory (MB): peak = 2288.602 ; gain = 1.070
Netlist sorting complete. Time (s): cpu = 00:00:00 ; elapsed = 00:00:00 . Memory (MB): peak = 2754.562 ; gain = 0.000
INFO: [Project 1-111] Unisim Transformation Summary:
  A total of 2 instances were transformed.
  IBUF => IBUF (IBUFCTRL, INBUF): 1 instance 
  IBUFDS => IBUFDS (DIFFINBUF, IBUFCTRL): 1 instance 

open_run: Time (s): cpu = 00:00:32 ; elapsed = 00:00:25 . Memory (MB): peak = 2992.426 ; gain = 1864.758
report_utilization -name utilization_1
update_compile_order -fileset sources_1
update_compile_order -fileset sources_1
update_compile_order -fileset sources_1
exit
INFO: [Common 17-206] Exiting Vivado at Fri Apr 22 18:12:52 2022...
